<?xml version="1.0" encoding="UTF-8"?>
<!-- This is not a valid TRX file - it was manually edited to contain the Counters for testing purposes -->
<TestRun id="4c5f21f9-7a8e-4970-9892-b9074ba47140" name="THEUSER@THEMACHINE 2014-05-28 21:42:01" runUser="THEDOMAIN\THEUSER" xmlns="http://microsoft.com/schemas/VisualStudio/TeamTest/2010">
  <TestSettings name="Default Test Settings" id="f750535d-aa63-48ac-8ee9-7bfa8a809f30">
    <Execution>
      <TestTypeSpecific />
      <AgentRule name="Execution Agents">
      </AgentRule>
    </Execution>
    <Deployment runDeploymentRoot="THEUSER_THEMACHINE 2014-05-28 21_42_01" />
  </TestSettings>
  <Times creation="2014-05-28T21:42:01.5343805-07:00" queuing="2014-05-28T21:42:02.1924182-07:00" start="2014-05-28T21:42:02.3224256-07:00" finish="2014-05-28T21:42:02.9434611-07:00" />
  <ResultSummary outcome="Completed">
    <Counters total="20" executed="19" passed="18" error="17" failed="16" timeout="15" aborted="14" inconclusive="13" passedButRunAborted="12" notRunnable="11" notExecuted="10" disconnected="9" warning="8" completed="7" inProgress="6" pending="5" />
  </ResultSummary>
  <TestDefinitions>
    <UnitTest name="AlwaysPass" storage="mstestsingleproject.dll" id="bb99404f-dca9-bd18-ef8c-79f3920eb938">
      <Execution id="78f8285b-2e8e-4c51-b3f2-b42eae5a6064" />
      <TestMethod codeBase="F:/Github/Triksy/Functions/VsProjects/MsTestSingleProject/MsTestSingleProject/bin/Debug/mstestsingleproject.dll" adapterTypeName="Microsoft.VisualStudio.TestTools.TestTypes.Unit.UnitTestAdapter, Microsoft.VisualStudio.QualityTools.Tips.UnitTest.Adapter, Version=11.0.0.0, Culture=neutral, PublicKeyToken=b03f5f7f11d50a3a" className="MsTestSingleProject.UnitTest1, MsTestSingleProject, Version=1.0.0.0, Culture=neutral, PublicKeyToken=null" name="AlwaysPass" />
    </UnitTest>
  </TestDefinitions>
  <TestLists>
    <TestList name="Results Not in a List" id="8c84fa94-04c1-424b-9868-57a2d4851a1d" />
    <TestList name="All Loaded Results" id="19431567-8539-422a-85d7-44ee4e166bda" />
  </TestLists>
  <TestEntries>
    <TestEntry testId="bb99404f-dca9-bd18-ef8c-79f3920eb938" executionId="78f8285b-2e8e-4c51-b3f2-b42eae5a6064" testListId="8c84fa94-04c1-424b-9868-57a2d4851a1d" />
  </TestEntries>
  <Results>
    <UnitTestResult executionId="78f8285b-2e8e-4c51-b3f2-b42eae5a6064" testId="bb99404f-dca9-bd18-ef8c-79f3920eb938" testName="AlwaysPass" computerName="THEMACHINE" duration="00:00:00.0180327" startTime="2014-05-28T21:42:02.3764287-07:00" endTime="2014-05-28T21:42:02.8784574-07:00" testType="13cdc9d9-ddb5-4fa4-a97d-d965ccfc6d4b" outcome="Passed" testListId="8c84fa94-04c1-424b-9868-57a2d4851a1d" relativeResultsDirectory="78f8285b-2e8e-4c51-b3f2-b42eae5a6064">
    </UnitTestResult>
  </Results>
</TestRun>