This is not a valid Trx file
